0 info it worked if it ends with ok
1 verbose cli [ 'C:\\Program Files\\nodejs\\node.exe',
1 verbose cli   'C:\\Users\\jbrown\\AppData\\Roaming\\npm\\node_modules\\npm\\bin\\npm-cli.js',
1 verbose cli   'start' ]
2 info using npm@3.10.6
3 info using node@v8.1.2
4 verbose run-script [ 'prestart', 'start', 'poststart' ]
5 info lifecycle REAL_exchange@1.0.0~prestart: REAL_exchange@1.0.0
6 silly lifecycle REAL_exchange@1.0.0~prestart: no script for prestart, continuing
7 info lifecycle REAL_exchange@1.0.0~start: REAL_exchange@1.0.0
8 verbose lifecycle REAL_exchange@1.0.0~start: unsafe-perm in lifecycle true
9 verbose lifecycle REAL_exchange@1.0.0~start: PATH: C:\Users\jbrown\AppData\Roaming\npm\node_modules\npm\bin\node-gyp-bin;C:\Users\jbrown\Desktop\REAL_exchange\node_modules\.bin;C:\Users\jbrown\bin;C:\Program Files (x86)\Git\mingw32\bin;C:\Program Files (x86)\Git\usr\local\bin;C:\Program Files (x86)\Git\usr\bin;C:\Program Files (x86)\Git\usr\bin;C:\Program Files (x86)\Git\mingw32\bin;C:\Program Files (x86)\Git\usr\bin;C:\Users\jbrown\bin;C:\ProgramData\Oracle\Java\javapath;C:\Program Files (x86)\Intel\iCLS Client;C:\Program Files\Intel\iCLS Client;C:\Windows\system32;C:\Windows;C:\Windows\System32\Wbem;C:\Windows\System32\WindowsPowerShell\v1.0;C:\Program Files\Intel\Intel(R) Management Engine Components\DAL;C:\Program Files\Intel\Intel(R) Management Engine Components\IPT;C:\Program Files (x86)\Intel\Intel(R) Management Engine Components\DAL;C:\Program Files (x86)\Intel\Intel(R) Management Engine Components\IPT;C:\Program Files (x86)\Google\Google Apps Sync;C:\Program Files (x86)\Google\Google Apps Migration;C:\Program Files (x86)\Shoreline Communications\ShoreWare Client;C:\Program Files\Symantec.cloud\PlatformAgent;C:\Program Files (x86)\Shoreline Communications\ShoreWare Client\win64;C:\Program Files (x86)\QuickTime\QTSystem;C:\Users\jbrown\AppData\Roaming\nvm;C:\Program Files\nodejs;C:\Program Files (x86)\Git\cmd;C:\Program Files\nodejs;C:\Users\jbrown\AppData\Local\atom\bin;C:\Users\jbrown\AppData\Roaming\nvm;C:\Program Files\nodejs;C:\Users\jbrown\AppData\Roaming\npm;C:\Program Files (x86)\Git\usr\bin\vendor_perl;C:\Program Files (x86)\Git\usr\bin\core_perl
10 verbose lifecycle REAL_exchange@1.0.0~start: CWD: C:\Users\jbrown\Desktop\REAL_exchange
11 silly lifecycle REAL_exchange@1.0.0~start: Args: [ '/d /s /c', 'node server.js' ]
12 silly lifecycle REAL_exchange@1.0.0~start: Returned: code: 1  signal: null
13 info lifecycle REAL_exchange@1.0.0~start: Failed to exec start script
14 verbose stack Error: REAL_exchange@1.0.0 start: `node server.js`
14 verbose stack Exit status 1
14 verbose stack     at EventEmitter.<anonymous> (C:\Users\jbrown\AppData\Roaming\npm\node_modules\npm\lib\utils\lifecycle.js:255:16)
14 verbose stack     at emitTwo (events.js:125:13)
14 verbose stack     at EventEmitter.emit (events.js:213:7)
14 verbose stack     at ChildProcess.<anonymous> (C:\Users\jbrown\AppData\Roaming\npm\node_modules\npm\lib\utils\spawn.js:40:14)
14 verbose stack     at emitTwo (events.js:125:13)
14 verbose stack     at ChildProcess.emit (events.js:213:7)
14 verbose stack     at maybeClose (internal/child_process.js:897:16)
14 verbose stack     at Process.ChildProcess._handle.onexit (internal/child_process.js:208:5)
15 verbose pkgid REAL_exchange@1.0.0
16 verbose cwd C:\Users\jbrown\Desktop\REAL_exchange
17 error Windows_NT 6.1.7601
18 error argv "C:\\Program Files\\nodejs\\node.exe" "C:\\Users\\jbrown\\AppData\\Roaming\\npm\\node_modules\\npm\\bin\\npm-cli.js" "start"
19 error node v8.1.2
20 error npm  v3.10.6
21 error code ELIFECYCLE
22 error REAL_exchange@1.0.0 start: `node server.js`
22 error Exit status 1
23 error Failed at the REAL_exchange@1.0.0 start script 'node server.js'.
23 error Make sure you have the latest version of node.js and npm installed.
23 error If you do, this is most likely a problem with the REAL_exchange package,
23 error not with npm itself.
23 error Tell the author that this fails on your system:
23 error     node server.js
23 error You can get information on how to open an issue for this project with:
23 error     npm bugs REAL_exchange
23 error Or if that isn't available, you can get their info via:
23 error     npm owner ls REAL_exchange
23 error There is likely additional logging output above.
24 verbose exit [ 1, true ]
